c:\users\simonzhao\downloads\snoopwpf-master\snoopwpf-master\intermediate\x64\managedinjector64-3.5\release\managedinjector64-3.5.pch
c:\users\simonzhao\downloads\snoopwpf-master\snoopwpf-master\intermediate\x64\managedinjector64-3.5\release\vc120.pdb
c:\users\simonzhao\downloads\snoopwpf-master\snoopwpf-master\intermediate\x64\managedinjector64-3.5\release\stdafx.obj
c:\users\simonzhao\downloads\snoopwpf-master\snoopwpf-master\intermediate\x64\managedinjector64-3.5\release\injector.obj
c:\users\simonzhao\downloads\snoopwpf-master\snoopwpf-master\intermediate\x64\managedinjector64-3.5\release\assemblyinfo.obj
c:\users\simonzhao\downloads\snoopwpf-master\snoopwpf-master\intermediate\x64\managedinjector64-3.5\release\.netframework,version=v4.5.assemblyattributes.obj
c:\users\simonzhao\downloads\snoopwpf-master\snoopwpf-master\build\release\managedinjector64-3.5.dll
c:\users\simonzhao\downloads\snoopwpf-master\snoopwpf-master\build\release\managedinjector64-3.5.pdb
c:\users\simonzhao\downloads\snoopwpf-master\snoopwpf-master\build\release\managedinjector64-3.5.lib
c:\users\simonzhao\downloads\snoopwpf-master\snoopwpf-master\build\release\managedinjector64-3.5.exp
c:\users\simonzhao\downloads\snoopwpf-master\snoopwpf-master\intermediate\x64\managedinjector64-3.5\release\managedi.c29817a9.tlog\cl.command.1.tlog
c:\users\simonzhao\downloads\snoopwpf-master\snoopwpf-master\intermediate\x64\managedinjector64-3.5\release\managedi.c29817a9.tlog\cl.read.1.tlog
c:\users\simonzhao\downloads\snoopwpf-master\snoopwpf-master\intermediate\x64\managedinjector64-3.5\release\managedi.c29817a9.tlog\cl.write.1.tlog
c:\users\simonzhao\downloads\snoopwpf-master\snoopwpf-master\intermediate\x64\managedinjector64-3.5\release\managedi.c29817a9.tlog\link.command.1.tlog
c:\users\simonzhao\downloads\snoopwpf-master\snoopwpf-master\intermediate\x64\managedinjector64-3.5\release\managedi.c29817a9.tlog\link.read.1.tlog
c:\users\simonzhao\downloads\snoopwpf-master\snoopwpf-master\intermediate\x64\managedinjector64-3.5\release\managedi.c29817a9.tlog\link.write.1.tlog
c:\users\simonzhao\downloads\snoopwpf-master\snoopwpf-master\intermediate\x64\managedinjector64-3.5\release\managedi.c29817a9.tlog\managedinjector64-3.5.write.1u.tlog
c:\users\simonzhao\downloads\snoopwpf-master\snoopwpf-master\intermediate\x64\managedinjector64-3.5\release\managedi.c29817a9.tlog\metagen.read.1.tlog
c:\users\simonzhao\downloads\snoopwpf-master\snoopwpf-master\intermediate\x64\managedinjector64-3.5\release\managedi.c29817a9.tlog\metagen.write.1.tlog
c:\users\simonzhao\downloads\snoopwpf-master\snoopwpf-master\intermediate\x64\managedinjector64-3.5\release\managedi.c29817a9.tlog\tzres.dll.bi
