c:\users\simonzhao\downloads\snoopwpf-master\snoopwpf-master\intermediate\x86\managedinjector32-4.0\release\managedinjector32-4.0.pch
c:\users\simonzhao\downloads\snoopwpf-master\snoopwpf-master\intermediate\x86\managedinjector32-4.0\release\vc120.pdb
c:\users\simonzhao\downloads\snoopwpf-master\snoopwpf-master\intermediate\x86\managedinjector32-4.0\release\stdafx.obj
c:\users\simonzhao\downloads\snoopwpf-master\snoopwpf-master\intermediate\x86\managedinjector32-4.0\release\injector.obj
c:\users\simonzhao\downloads\snoopwpf-master\snoopwpf-master\intermediate\x86\managedinjector32-4.0\release\assemblyinfo.obj
c:\users\simonzhao\downloads\snoopwpf-master\snoopwpf-master\intermediate\x86\managedinjector32-4.0\release\.netframework,version=v4.5.assemblyattributes.obj
c:\users\simonzhao\downloads\snoopwpf-master\snoopwpf-master\build\release\managedinjector32-4.0.dll
c:\users\simonzhao\downloads\snoopwpf-master\snoopwpf-master\build\release\managedinjector32-4.0.pdb
c:\users\simonzhao\downloads\snoopwpf-master\snoopwpf-master\build\release\managedinjector32-4.0.lib
c:\users\simonzhao\downloads\snoopwpf-master\snoopwpf-master\build\release\managedinjector32-4.0.exp
c:\users\simonzhao\downloads\snoopwpf-master\snoopwpf-master\intermediate\x86\managedinjector32-4.0\release\managedi.8072b47b.tlog\cl.command.1.tlog
c:\users\simonzhao\downloads\snoopwpf-master\snoopwpf-master\intermediate\x86\managedinjector32-4.0\release\managedi.8072b47b.tlog\cl.read.1.tlog
c:\users\simonzhao\downloads\snoopwpf-master\snoopwpf-master\intermediate\x86\managedinjector32-4.0\release\managedi.8072b47b.tlog\cl.write.1.tlog
c:\users\simonzhao\downloads\snoopwpf-master\snoopwpf-master\intermediate\x86\managedinjector32-4.0\release\managedi.8072b47b.tlog\link.command.1.tlog
c:\users\simonzhao\downloads\snoopwpf-master\snoopwpf-master\intermediate\x86\managedinjector32-4.0\release\managedi.8072b47b.tlog\link.read.1.tlog
c:\users\simonzhao\downloads\snoopwpf-master\snoopwpf-master\intermediate\x86\managedinjector32-4.0\release\managedi.8072b47b.tlog\link.write.1.tlog
c:\users\simonzhao\downloads\snoopwpf-master\snoopwpf-master\intermediate\x86\managedinjector32-4.0\release\managedi.8072b47b.tlog\managedinjector32-4.0.write.1u.tlog
c:\users\simonzhao\downloads\snoopwpf-master\snoopwpf-master\intermediate\x86\managedinjector32-4.0\release\managedi.8072b47b.tlog\metagen.read.1.tlog
c:\users\simonzhao\downloads\snoopwpf-master\snoopwpf-master\intermediate\x86\managedinjector32-4.0\release\managedi.8072b47b.tlog\metagen.write.1.tlog
c:\users\simonzhao\downloads\snoopwpf-master\snoopwpf-master\intermediate\x86\managedinjector32-4.0\release\managedi.8072b47b.tlog\tzres.dll.bi
