Build started 2016/12/20 10:22:07.
     1>Project "C:\Users\simonzhao\Downloads\snoopwpf-master\snoopwpf-master\ManagedInjector\ManagedInjector32-3.5.vcxproj" on node 2 (Rebuild target(s)).
     1>ClCompile:
         D:\Program Files (x86)\Microsoft Visual Studio 12.0\VC\bin\CL.exe /c /AI"C:\Program Files (x86)\Reference Assemblies\Microsoft\Framework\.NETFramework\v4.5\\" /AI"C:\Program Files (x86)\Windows Kits\8.1\References\CommonConfiguration\Neutral" /AI"C:\Program Files (x86)\Reference Assemblies\Microsoft\Framework\.NETFramework\v4.5\Facades\\" /Zi /clr /nologo /W3 /WX- /O2 /Oy- /GL /D WIN32 /D NDEBUG /D _WINDLL /D _UNICODE /D UNICODE /EHa /MD /GS /fp:precise /Zc:wchar_t /Zc:forScope /Yc"stdafx.h" /Fp"C:\Users\simonzhao\Downloads\snoopwpf-master\snoopwpf-master\\Intermediate\x86\ManagedInjector32-3.5\Release\ManagedInjector32-3.5.pch" /Fo"C:\Users\simonzhao\Downloads\snoopwpf-master\snoopwpf-master\\Intermediate\x86\ManagedInjector32-3.5\Release\\" /Fd"C:\Users\simonzhao\Downloads\snoopwpf-master\snoopwpf-master\\Intermediate\x86\ManagedInjector32-3.5\Release\vc120.pdb" /TP /FU"C:\Program Files (x86)\Reference Assemblies\Microsoft\Framework\.NETFramework\v4.5\mscorlib.dll" /FU"C:\Program Files (x86)\Reference Assemblies\Microsoft\Framework\.NETFramework\v4.5\System.Data.dll" /FU"C:\Program Files (x86)\Reference Assemblies\Microsoft\Framework\.NETFramework\v4.5\System.dll" /FU"C:\Program Files (x86)\Reference Assemblies\Microsoft\Framework\.NETFramework\v4.5\System.Xml.dll" /analyze- /errorReport:prompt /clr:nostdlib Stdafx.cpp
         Stdafx.cpp
         D:\Program Files (x86)\Microsoft Visual Studio 12.0\VC\bin\CL.exe /c /AI"C:\Program Files (x86)\Reference Assemblies\Microsoft\Framework\.NETFramework\v4.5\\" /AI"C:\Program Files (x86)\Windows Kits\8.1\References\CommonConfiguration\Neutral" /AI"C:\Program Files (x86)\Reference Assemblies\Microsoft\Framework\.NETFramework\v4.5\Facades\\" /Zi /clr /nologo /W3 /WX- /O2 /Oy- /GL /D WIN32 /D NDEBUG /D _WINDLL /D _UNICODE /D UNICODE /EHa /MD /GS /fp:precise /Zc:wchar_t /Zc:forScope /Fo"C:\Users\simonzhao\Downloads\snoopwpf-master\snoopwpf-master\\Intermediate\x86\ManagedInjector32-3.5\Release\\" /Fd"C:\Users\simonzhao\Downloads\snoopwpf-master\snoopwpf-master\\Intermediate\x86\ManagedInjector32-3.5\Release\vc120.pdb" /TP /FU"C:\Program Files (x86)\Reference Assemblies\Microsoft\Framework\.NETFramework\v4.5\mscorlib.dll" /FU"C:\Program Files (x86)\Reference Assemblies\Microsoft\Framework\.NETFramework\v4.5\System.Data.dll" /FU"C:\Program Files (x86)\Reference Assemblies\Microsoft\Framework\.NETFramework\v4.5\System.dll" /FU"C:\Program Files (x86)\Reference Assemblies\Microsoft\Framework\.NETFramework\v4.5\System.Xml.dll" /analyze- /errorReport:prompt /clr:nostdlib AssemblyInfo.cpp Injector.cpp
         AssemblyInfo.cpp
     1>AssemblyInfo.cpp(45): warning C4947: 'RequestMinimum' : marked as obsolete
                 Message: 'Assembly level declarative security is obsolete and is no longer enforced by the CLR by default. See http://go.microsoft.com/fwlink/?LinkID=155570 for more information.'
         Injector.cpp
         Generating Code...
         D:\Program Files (x86)\Microsoft Visual Studio 12.0\VC\bin\CL.exe /c /Zi /clr /nologo /W3 /WX- /O2 /Oy- /GL /D WIN32 /D NDEBUG /D _WINDLL /D _UNICODE /D UNICODE /EHa /MD /GS /fp:precise /Zc:wchar_t /Zc:forScope /Fo"C:\Users\simonzhao\Downloads\snoopwpf-master\snoopwpf-master\\Intermediate\x86\ManagedInjector32-3.5\Release\\" /Fd"C:\Users\simonzhao\Downloads\snoopwpf-master\snoopwpf-master\\Intermediate\x86\ManagedInjector32-3.5\Release\vc120.pdb" /TP /analyze- /errorReport:prompt "C:\Users\simonzhao\AppData\Local\Temp\.NETFramework,Version=v4.5.AssemblyAttributes.cpp"
         .NETFramework,Version=v4.5.AssemblyAttributes.cpp
       Link:
         D:\Program Files (x86)\Microsoft Visual Studio 12.0\VC\bin\link.exe /ERRORREPORT:PROMPT /OUT:"C:\Users\simonzhao\Downloads\snoopwpf-master\snoopwpf-master\Build\Release\ManagedInjector32-3.5.dll" /INCREMENTAL:NO /NOLOGO kernel32.lib user32.lib gdi32.lib winspool.lib comdlg32.lib kernel32.lib user32.lib gdi32.lib winspool.lib comdlg32.lib advapi32.lib shell32.lib ole32.lib oleaut32.lib uuid.lib odbc32.lib odbccp32.lib /DEF:"makefile.def" /MANIFEST /MANIFESTUAC:"level='asInvoker' uiAccess='false'" /manifest:embed /DEBUG /PDB:"C:\Users\simonzhao\Downloads\snoopwpf-master\snoopwpf-master\Build\Release\ManagedInjector32-3.5.pdb" /LTCG /TLBID:1 /DYNAMICBASE:NO /FIXED:NO /MACHINE:X86 /SAFESEH /DLL "C:\Users\simonzhao\Downloads\snoopwpf-master\snoopwpf-master\\Intermediate\x86\ManagedInjector32-3.5\Release\AssemblyInfo.obj"
         "C:\Users\simonzhao\Downloads\snoopwpf-master\snoopwpf-master\\Intermediate\x86\ManagedInjector32-3.5\Release\Injector.obj"
         "C:\Users\simonzhao\Downloads\snoopwpf-master\snoopwpf-master\\Intermediate\x86\ManagedInjector32-3.5\Release\Stdafx.obj"
         "C:\Users\simonzhao\Downloads\snoopwpf-master\snoopwpf-master\\Intermediate\x86\ManagedInjector32-3.5\Release\.NETFramework,Version=v4.5.AssemblyAttributes.obj"
            Creating library C:\Users\simonzhao\Downloads\snoopwpf-master\snoopwpf-master\Build\Release\ManagedInjector32-3.5.lib and object C:\Users\simonzhao\Downloads\snoopwpf-master\snoopwpf-master\Build\Release\ManagedInjector32-3.5.exp
     1>ManagedInjector32-3.5.exp : warning LNK4070: /OUT:ManagedInjector.dll directive in .EXP differs from output filename 'C:\Users\simonzhao\Downloads\snoopwpf-master\snoopwpf-master\Build\Release\ManagedInjector32-3.5.dll'; ignoring directive
         LINK : /LTCG specified but no code generation required; remove /LTCG from the link command line to improve linker performance
     1>ManagedInjector32-3.5.exp : warning LNK4070: /OUT:ManagedInjector.dll directive in .EXP differs from output filename 'C:\Users\simonzhao\Downloads\snoopwpf-master\snoopwpf-master\Build\Release\ManagedInjector32-3.5.dll'; ignoring directive
         ManagedInjector32-3.5.vcxproj -> C:\Users\simonzhao\Downloads\snoopwpf-master\snoopwpf-master\Build\Release\ManagedInjector32-3.5.dll
     1>Done Building Project "C:\Users\simonzhao\Downloads\snoopwpf-master\snoopwpf-master\ManagedInjector\ManagedInjector32-3.5.vcxproj" (Rebuild target(s)).

Build succeeded.

Time Elapsed 00:00:03.71
