Build started 2016/12/20 10:19:41.
     1>Project "C:\Users\simonzhao\Downloads\snoopwpf-master\snoopwpf-master\ManagedInjector\ManagedInjector64-3.5.vcxproj" on node 4 (Rebuild target(s)).
     1>ClCompile:
         D:\Program Files (x86)\Microsoft Visual Studio 12.0\VC\bin\x86_amd64\CL.exe /c /AI"C:\Program Files (x86)\Reference Assemblies\Microsoft\Framework\.NETFramework\v4.5\\" /AI"C:\Program Files (x86)\Windows Kits\8.1\References\CommonConfiguration\Neutral" /AI"C:\Program Files (x86)\Reference Assemblies\Microsoft\Framework\.NETFramework\v4.5\Facades\\" /Zi /clr /nologo /W3 /WX- /Od /D WIN32 /D _DEBUG /D _WINDLL /D _UNICODE /D UNICODE /EHa /MDd /GS /fp:precise /Zc:wchar_t /Zc:forScope /Yc"stdafx.h" /Fp"C:\Users\simonzhao\Downloads\snoopwpf-master\snoopwpf-master\\Intermediate\x64\ManagedInjector64-3.5\Debug\ManagedInjector64-3.5.pch" /Fo"C:\Users\simonzhao\Downloads\snoopwpf-master\snoopwpf-master\\Intermediate\x64\ManagedInjector64-3.5\Debug\\" /Fd"C:\Users\simonzhao\Downloads\snoopwpf-master\snoopwpf-master\\Intermediate\x64\ManagedInjector64-3.5\Debug\vc120.pdb" /TP /FU"C:\Program Files (x86)\Reference Assemblies\Microsoft\Framework\.NETFramework\v4.5\mscorlib.dll" /FU"C:\Program Files (x86)\Reference Assemblies\Microsoft\Framework\.NETFramework\v4.5\System.Data.dll" /FU"C:\Program Files (x86)\Reference Assemblies\Microsoft\Framework\.NETFramework\v4.5\System.dll" /FU"C:\Program Files (x86)\Reference Assemblies\Microsoft\Framework\.NETFramework\v4.5\System.Xml.dll" /errorReport:prompt /clr:nostdlib Stdafx.cpp
         Stdafx.cpp
         D:\Program Files (x86)\Microsoft Visual Studio 12.0\VC\bin\x86_amd64\CL.exe /c /AI"C:\Program Files (x86)\Reference Assemblies\Microsoft\Framework\.NETFramework\v4.5\\" /AI"C:\Program Files (x86)\Windows Kits\8.1\References\CommonConfiguration\Neutral" /AI"C:\Program Files (x86)\Reference Assemblies\Microsoft\Framework\.NETFramework\v4.5\Facades\\" /Zi /clr /nologo /W3 /WX- /Od /D WIN32 /D _DEBUG /D _WINDLL /D _UNICODE /D UNICODE /EHa /MDd /GS /fp:precise /Zc:wchar_t /Zc:forScope /Fo"C:\Users\simonzhao\Downloads\snoopwpf-master\snoopwpf-master\\Intermediate\x64\ManagedInjector64-3.5\Debug\\" /Fd"C:\Users\simonzhao\Downloads\snoopwpf-master\snoopwpf-master\\Intermediate\x64\ManagedInjector64-3.5\Debug\vc120.pdb" /TP /FU"C:\Program Files (x86)\Reference Assemblies\Microsoft\Framework\.NETFramework\v4.5\mscorlib.dll" /FU"C:\Program Files (x86)\Reference Assemblies\Microsoft\Framework\.NETFramework\v4.5\System.Data.dll" /FU"C:\Program Files (x86)\Reference Assemblies\Microsoft\Framework\.NETFramework\v4.5\System.dll" /FU"C:\Program Files (x86)\Reference Assemblies\Microsoft\Framework\.NETFramework\v4.5\System.Xml.dll" /errorReport:prompt /clr:nostdlib AssemblyInfo.cpp Injector.cpp
         AssemblyInfo.cpp
     1>AssemblyInfo.cpp(45): warning C4947: 'RequestMinimum' : marked as obsolete
                 Message: 'Assembly level declarative security is obsolete and is no longer enforced by the CLR by default. See http://go.microsoft.com/fwlink/?LinkID=155570 for more information.'
         Injector.cpp
         Generating Code...
         D:\Program Files (x86)\Microsoft Visual Studio 12.0\VC\bin\x86_amd64\CL.exe /c /Zi /clr /nologo /W3 /WX- /Od /D WIN32 /D _DEBUG /D _WINDLL /D _UNICODE /D UNICODE /EHa /MDd /GS /fp:precise /Zc:wchar_t /Zc:forScope /Fo"C:\Users\simonzhao\Downloads\snoopwpf-master\snoopwpf-master\\Intermediate\x64\ManagedInjector64-3.5\Debug\\" /Fd"C:\Users\simonzhao\Downloads\snoopwpf-master\snoopwpf-master\\Intermediate\x64\ManagedInjector64-3.5\Debug\vc120.pdb" /TP /errorReport:prompt "C:\Users\simonzhao\AppData\Local\Temp\.NETFramework,Version=v4.5.AssemblyAttributes.cpp"
         .NETFramework,Version=v4.5.AssemblyAttributes.cpp
       Link:
         D:\Program Files (x86)\Microsoft Visual Studio 12.0\VC\bin\x86_amd64\link.exe /ERRORREPORT:PROMPT /OUT:"C:\Users\simonzhao\Downloads\snoopwpf-master\snoopwpf-master\Build\Debug\ManagedInjector64-3.5.dll" /INCREMENTAL /NOLOGO kernel32.lib user32.lib gdi32.lib winspool.lib comdlg32.lib kernel32.lib user32.lib gdi32.lib winspool.lib comdlg32.lib advapi32.lib shell32.lib ole32.lib oleaut32.lib uuid.lib odbc32.lib odbccp32.lib /MANIFEST /MANIFESTUAC:"level='asInvoker' uiAccess='false'" /manifest:embed /DEBUG /PDB:"C:\Users\simonzhao\Downloads\snoopwpf-master\snoopwpf-master\Build\Debug\ManagedInjector64-3.5.pdb" /ASSEMBLYDEBUG /TLBID:1 /DYNAMICBASE /FIXED:NO /MACHINE:X64 /DLL "C:\Users\simonzhao\Downloads\snoopwpf-master\snoopwpf-master\\Intermediate\x64\ManagedInjector64-3.5\Debug\AssemblyInfo.obj"
         "C:\Users\simonzhao\Downloads\snoopwpf-master\snoopwpf-master\\Intermediate\x64\ManagedInjector64-3.5\Debug\Injector.obj"
         "C:\Users\simonzhao\Downloads\snoopwpf-master\snoopwpf-master\\Intermediate\x64\ManagedInjector64-3.5\Debug\Stdafx.obj"
         "C:\Users\simonzhao\Downloads\snoopwpf-master\snoopwpf-master\\Intermediate\x64\ManagedInjector64-3.5\Debug\.NETFramework,Version=v4.5.AssemblyAttributes.obj"
            Creating library C:\Users\simonzhao\Downloads\snoopwpf-master\snoopwpf-master\Build\Debug\ManagedInjector64-3.5.lib and object C:\Users\simonzhao\Downloads\snoopwpf-master\snoopwpf-master\Build\Debug\ManagedInjector64-3.5.exp
         ManagedInjector64-3.5.vcxproj -> C:\Users\simonzhao\Downloads\snoopwpf-master\snoopwpf-master\Build\Debug\ManagedInjector64-3.5.dll
     1>Done Building Project "C:\Users\simonzhao\Downloads\snoopwpf-master\snoopwpf-master\ManagedInjector\ManagedInjector64-3.5.vcxproj" (Rebuild target(s)).

Build succeeded.

Time Elapsed 00:00:03.74
