c:\users\simonzhao\downloads\snoopwpf-master\snoopwpf-master\intermediate\x64\managedinjector64-3.5\debug\managedinjector64-3.5.pch
c:\users\simonzhao\downloads\snoopwpf-master\snoopwpf-master\intermediate\x64\managedinjector64-3.5\debug\vc120.pdb
c:\users\simonzhao\downloads\snoopwpf-master\snoopwpf-master\intermediate\x64\managedinjector64-3.5\debug\stdafx.obj
c:\users\simonzhao\downloads\snoopwpf-master\snoopwpf-master\intermediate\x64\managedinjector64-3.5\debug\injector.obj
c:\users\simonzhao\downloads\snoopwpf-master\snoopwpf-master\intermediate\x64\managedinjector64-3.5\debug\assemblyinfo.obj
c:\users\simonzhao\downloads\snoopwpf-master\snoopwpf-master\intermediate\x64\managedinjector64-3.5\debug\.netframework,version=v4.5.assemblyattributes.obj
c:\users\simonzhao\downloads\snoopwpf-master\snoopwpf-master\build\debug\managedinjector64-3.5.dll
c:\users\simonzhao\downloads\snoopwpf-master\snoopwpf-master\build\debug\managedinjector64-3.5.pdb
c:\users\simonzhao\downloads\snoopwpf-master\snoopwpf-master\build\debug\managedinjector64-3.5.lib
c:\users\simonzhao\downloads\snoopwpf-master\snoopwpf-master\build\debug\managedinjector64-3.5.exp
c:\users\simonzhao\downloads\snoopwpf-master\snoopwpf-master\intermediate\x64\managedinjector64-3.5\debug\managedinjector64-3.5.vcxprojresolveassemblyreference.cache
c:\users\simonzhao\downloads\snoopwpf-master\snoopwpf-master\intermediate\x64\managedinjector64-3.5\debug\managedi.c29817a9.tlog\cl.command.1.tlog
c:\users\simonzhao\downloads\snoopwpf-master\snoopwpf-master\intermediate\x64\managedinjector64-3.5\debug\managedi.c29817a9.tlog\cl.read.1.tlog
c:\users\simonzhao\downloads\snoopwpf-master\snoopwpf-master\intermediate\x64\managedinjector64-3.5\debug\managedi.c29817a9.tlog\cl.write.1.tlog
c:\users\simonzhao\downloads\snoopwpf-master\snoopwpf-master\intermediate\x64\managedinjector64-3.5\debug\managedi.c29817a9.tlog\link.command.1.tlog
c:\users\simonzhao\downloads\snoopwpf-master\snoopwpf-master\intermediate\x64\managedinjector64-3.5\debug\managedi.c29817a9.tlog\link.read.1.tlog
c:\users\simonzhao\downloads\snoopwpf-master\snoopwpf-master\intermediate\x64\managedinjector64-3.5\debug\managedi.c29817a9.tlog\link.write.1.tlog
c:\users\simonzhao\downloads\snoopwpf-master\snoopwpf-master\intermediate\x64\managedinjector64-3.5\debug\managedi.c29817a9.tlog\managedinjector64-3.5.write.1u.tlog
c:\users\simonzhao\downloads\snoopwpf-master\snoopwpf-master\intermediate\x64\managedinjector64-3.5\debug\managedi.c29817a9.tlog\metagen.read.1.tlog
c:\users\simonzhao\downloads\snoopwpf-master\snoopwpf-master\intermediate\x64\managedinjector64-3.5\debug\managedi.c29817a9.tlog\metagen.write.1.tlog
c:\users\simonzhao\downloads\snoopwpf-master\snoopwpf-master\intermediate\x64\managedinjector64-3.5\debug\managedi.c29817a9.tlog\tzres.dll.bi
