c:\users\simonzhao\downloads\snoopwpf-master\snoopwpf-master\intermediate\x64\managedinjector64-4.0\debug\managedinjector64-4.0.pch
c:\users\simonzhao\downloads\snoopwpf-master\snoopwpf-master\intermediate\x64\managedinjector64-4.0\debug\vc120.pdb
c:\users\simonzhao\downloads\snoopwpf-master\snoopwpf-master\intermediate\x64\managedinjector64-4.0\debug\stdafx.obj
c:\users\simonzhao\downloads\snoopwpf-master\snoopwpf-master\intermediate\x64\managedinjector64-4.0\debug\injector.obj
c:\users\simonzhao\downloads\snoopwpf-master\snoopwpf-master\intermediate\x64\managedinjector64-4.0\debug\assemblyinfo.obj
c:\users\simonzhao\downloads\snoopwpf-master\snoopwpf-master\intermediate\x64\managedinjector64-4.0\debug\.netframework,version=v4.5.assemblyattributes.obj
c:\users\simonzhao\downloads\snoopwpf-master\snoopwpf-master\build\debug\managedinjector64-4.0.dll
c:\users\simonzhao\downloads\snoopwpf-master\snoopwpf-master\build\debug\managedinjector64-4.0.pdb
c:\users\simonzhao\downloads\snoopwpf-master\snoopwpf-master\build\debug\managedinjector64-4.0.lib
c:\users\simonzhao\downloads\snoopwpf-master\snoopwpf-master\build\debug\managedinjector64-4.0.exp
c:\users\simonzhao\downloads\snoopwpf-master\snoopwpf-master\intermediate\x64\managedinjector64-4.0\debug\managedinjector64-4.0.vcxprojresolveassemblyreference.cache
c:\users\simonzhao\downloads\snoopwpf-master\snoopwpf-master\intermediate\x64\managedinjector64-4.0\debug\managedi.a27c8b34.tlog\cl.command.1.tlog
c:\users\simonzhao\downloads\snoopwpf-master\snoopwpf-master\intermediate\x64\managedinjector64-4.0\debug\managedi.a27c8b34.tlog\cl.read.1.tlog
c:\users\simonzhao\downloads\snoopwpf-master\snoopwpf-master\intermediate\x64\managedinjector64-4.0\debug\managedi.a27c8b34.tlog\cl.write.1.tlog
c:\users\simonzhao\downloads\snoopwpf-master\snoopwpf-master\intermediate\x64\managedinjector64-4.0\debug\managedi.a27c8b34.tlog\link.command.1.tlog
c:\users\simonzhao\downloads\snoopwpf-master\snoopwpf-master\intermediate\x64\managedinjector64-4.0\debug\managedi.a27c8b34.tlog\link.read.1.tlog
c:\users\simonzhao\downloads\snoopwpf-master\snoopwpf-master\intermediate\x64\managedinjector64-4.0\debug\managedi.a27c8b34.tlog\link.write.1.tlog
c:\users\simonzhao\downloads\snoopwpf-master\snoopwpf-master\intermediate\x64\managedinjector64-4.0\debug\managedi.a27c8b34.tlog\managedinjector64-4.0.write.1u.tlog
c:\users\simonzhao\downloads\snoopwpf-master\snoopwpf-master\intermediate\x64\managedinjector64-4.0\debug\managedi.a27c8b34.tlog\metagen.read.1.tlog
c:\users\simonzhao\downloads\snoopwpf-master\snoopwpf-master\intermediate\x64\managedinjector64-4.0\debug\managedi.a27c8b34.tlog\metagen.write.1.tlog
c:\users\simonzhao\downloads\snoopwpf-master\snoopwpf-master\intermediate\x64\managedinjector64-4.0\debug\managedi.a27c8b34.tlog\tzres.dll.bi
